Release 14.7 - xst P.20131013 (nt64)
Copyright (c) 1995-2013 Xilinx, Inc.  All rights reserved.
--> Parameter TMPDIR set to xst/projnav.tmp


Total REAL time to Xst completion: 0.00 secs
Total CPU time to Xst completion: 0.10 secs
 
--> Parameter xsthdpdir set to xst


Total REAL time to Xst completion: 0.00 secs
Total CPU time to Xst completion: 0.10 secs
 
--> Reading design: top.prj

TABLE OF CONTENTS
  1) Synthesis Options Summary
  2) HDL Parsing
  3) HDL Elaboration
  4) HDL Synthesis
       4.1) HDL Synthesis Report
  5) Advanced HDL Synthesis
       5.1) Advanced HDL Synthesis Report
  6) Low Level Synthesis
  7) Partition Report
  8) Design Summary
       8.1) Primitive and Black Box Usage
       8.2) Device utilization summary
       8.3) Partition Resource Summary
       8.4) Timing Report
            8.4.1) Clock Information
            8.4.2) Asynchronous Control Signals Information
            8.4.3) Timing Summary
            8.4.4) Timing Details
            8.4.5) Cross Clock Domains Report


=========================================================================
*                      Synthesis Options Summary                        *
=========================================================================
---- Source Parameters
Input File Name                    : "top.prj"
Ignore Synthesis Constraint File   : NO

---- Target Parameters
Output File Name                   : "top"
Output Format                      : NGC
Target Device                      : xc6slx9-3-tqg144

---- Source Options
Top Module Name                    : top
Automatic FSM Extraction           : YES
FSM Encoding Algorithm             : Auto
Safe Implementation                : No
FSM Style                          : LUT
RAM Extraction                     : Yes
RAM Style                          : Auto
ROM Extraction                     : Yes
Shift Register Extraction          : YES
ROM Style                          : Auto
Resource Sharing                   : YES
Asynchronous To Synchronous        : NO
Shift Register Minimum Size        : 2
Use DSP Block                      : Auto
Automatic Register Balancing       : No

---- Target Options
LUT Combining                      : Auto
Reduce Control Sets                : Auto
Add IO Buffers                     : YES
Global Maximum Fanout              : 100000
Add Generic Clock Buffer(BUFG)     : 16
Register Duplication               : YES
Optimize Instantiated Primitives   : NO
Use Clock Enable                   : Auto
Use Synchronous Set                : Auto
Use Synchronous Reset              : Auto
Pack IO Registers into IOBs        : Auto
Equivalent register Removal        : YES

---- General Options
Optimization Goal                  : Speed
Optimization Effort                : 1
Power Reduction                    : NO
Keep Hierarchy                     : No
Netlist Hierarchy                  : As_Optimized
RTL Output                         : Yes
Global Optimization                : AllClockNets
Read Cores                         : YES
Write Timing Constraints           : NO
Cross Clock Analysis               : NO
Hierarchy Separator                : /
Bus Delimiter                      : <>
Case Specifier                     : Maintain
Slice Utilization Ratio            : 100
BRAM Utilization Ratio             : 100
DSP48 Utilization Ratio            : 100
Auto BRAM Packing                  : NO
Slice Utilization Ratio Delta      : 5

=========================================================================


=========================================================================
*                          HDL Parsing                                  *
=========================================================================
Parsing VHDL file "C:\Users\Collin\Google Drive\Mojo\HelloWorld\top.vhd" into library work
Parsing entity <top>.
Parsing architecture <Behavioral> of entity <top>.

=========================================================================
*                            HDL Elaboration                            *
=========================================================================

Elaborating entity <top> (architecture <Behavioral>) from library <work>.

=========================================================================
*                           HDL Synthesis                               *
=========================================================================

Synthesizing Unit <top>.
    Related source file is "C:\Users\Collin\Google Drive\Mojo\HelloWorld\top.vhd".
    Found 25-bit register for signal <counter>.
    Found 25-bit adder for signal <counter[24]_GND_5_o_add_0_OUT> created at line 38.
    Summary:
	inferred   1 Adder/Subtractor(s).
	inferred  25 D-type flip-flop(s).
Unit <top> synthesized.

=========================================================================
HDL Synthesis Report

Macro Statistics
# Adders/Subtractors                                   : 1
 25-bit adder                                          : 1
# Registers                                            : 1
 25-bit register                                       : 1

=========================================================================

=========================================================================
*                       Advanced HDL Synthesis                          *
=========================================================================


Synthesizing (advanced) Unit <top>.
The following registers are absorbed into counter <counter>: 1 register on signal <counter>.
Unit <top> synthesized (advanced).

=========================================================================
Advanced HDL Synthesis Report

Macro Statistics
# Counters                                             : 1
 25-bit up counter                                     : 1

=========================================================================

=========================================================================
*                         Low Level Synthesis                           *
=========================================================================

Optimizing unit <top> ...

Mapping all equations...
Building and optimizing final netlist ...
Found area constraint ratio of 100 (+ 5) on block top, actual ratio is 0.

Final Macro Processing ...

=========================================================================
Final Register Report

Macro Statistics
# Registers                                            : 25
 Flip-Flops                                            : 25

=========================================================================

=========================================================================
*                           Partition Report                            *
=========================================================================

Partition Implementation Status
-------------------------------

  No Partitions were found in this design.

-------------------------------

=========================================================================
*                            Design Summary                             *
=========================================================================

Top Level Output File Name         : top.ngc

Primitive and Black Box Usage:
------------------------------
# BELS                             : 77
#      GND                         : 1
#      INV                         : 2
#      LUT1                        : 24
#      MUXCY                       : 24
#      VCC                         : 1
#      XORCY                       : 25
# FlipFlops/Latches                : 25
#      FDC                         : 25
# Clock Buffers                    : 1
#      BUFGP                       : 1
# IO Buffers                       : 2
#      IBUF                        : 1
#      OBUF                        : 1

Device utilization summary:
---------------------------

Selected Device : 6slx9tqg144-3 


Slice Logic Utilization: 
 Number of Slice Registers:              25  out of  11440     0%  
 Number of Slice LUTs:                   26  out of   5720     0%  
    Number used as Logic:                26  out of   5720     0%  

Slice Logic Distribution: 
 Number of LUT Flip Flop pairs used:     26
   Number with an unused Flip Flop:       1  out of     26     3%  
   Number with an unused LUT:             0  out of     26     0%  
   Number of fully used LUT-FF pairs:    25  out of     26    96%  
   Number of unique control sets:         1

IO Utilization: 
 Number of IOs:                           3
 Number of bonded IOBs:                   3  out of    102     2%  

Specific Feature Utilization:
 Number of BUFG/BUFGCTRLs:                1  out of     16     6%  

---------------------------
Partition Resource Summary:
---------------------------

  No Partitions were found in this design.

---------------------------


=========================================================================
Timing Report

NOTE: THESE TIMING NUMBERS ARE ONLY A SYNTHESIS ESTIMATE.
      FOR ACCURATE TIMING INFORMATION PLEASE REFER TO THE TRACE REPORT
      GENERATED AFTER PLACE-and-ROUTE.

Clock Information:
------------------
-----------------------------------+------------------------+-------+
Clock Signal                       | Clock buffer(FF name)  | Load  |
-----------------------------------+------------------------+-------+
clk                                | BUFGP                  | 25    |
-----------------------------------+------------------------+-------+

Asynchronous Control Signals Information:
----------------------------------------
No asynchronous control signals found in this design

Timing Summary:
---------------
Speed Grade: -3

   Minimum period: 2.123ns (Maximum Frequency: 471.065MHz)
   Minimum input arrival time before clock: 3.629ns
   Maximum output required time after clock: 3.634ns
   Maximum combinational path delay: No path found

Timing Details:
---------------
All values displayed in nanoseconds (ns)

=========================================================================
Timing constraint: Default period analysis for Clock 'clk'
  Clock period: 2.123ns (frequency: 471.065MHz)
  Total number of paths / destination ports: 325 / 25
-------------------------------------------------------------------------
Delay:               2.123ns (Levels of Logic = 26)
  Source:            counter_0 (FF)
  Destination:       counter_24 (FF)
  Source Clock:      clk rising
  Destination Clock: clk rising

  Data Path: counter_0 to counter_24
                                Gate     Net
    Cell:in->out      fanout   Delay   Delay  Logical Name (Net Name)
    ----------------------------------------  ------------
     FDC:C->Q              1   0.447   0.579  counter_0 (counter_0)
     INV:I->O              1   0.206   0.000  Mcount_counter_lut<0>_INV_0 (Mcount_counter_lut<0>)
     MUXCY:S->O            1   0.172   0.000  Mcount_counter_cy<0> (Mcount_counter_cy<0>)
     MUXCY:CI->O           1   0.019   0.000  Mcount_counter_cy<1> (Mcount_counter_cy<1>)
     MUXCY:CI->O           1   0.019   0.000  Mcount_counter_cy<2> (Mcount_counter_cy<2>)
     MUXCY:CI->O           1   0.019   0.000  Mcount_counter_cy<3> (Mcount_counter_cy<3>)
     MUXCY:CI->O           1   0.019   0.000  Mcount_counter_cy<4> (Mcount_counter_cy<4>)
     MUXCY:CI->O           1   0.019   0.000  Mcount_counter_cy<5> (Mcount_counter_cy<5>)
     MUXCY:CI->O           1   0.019   0.000  Mcount_counter_cy<6> (Mcount_counter_cy<6>)
     MUXCY:CI->O           1   0.019   0.000  Mcount_counter_cy<7> (Mcount_counter_cy<7>)
     MUXCY:CI->O           1   0.019   0.000  Mcount_counter_cy<8> (Mcount_counter_cy<8>)
     MUXCY:CI->O           1   0.019   0.000  Mcount_counter_cy<9> (Mcount_counter_cy<9>)
     MUXCY:CI->O           1   0.019   0.000  Mcount_counter_cy<10> (Mcount_counter_cy<10>)
     MUXCY:CI->O           1   0.019   0.000  Mcount_counter_cy<11> (Mcount_counter_cy<11>)
     MUXCY:CI->O           1   0.019   0.000  Mcount_counter_cy<12> (Mcount_counter_cy<12>)
     MUXCY:CI->O           1   0.019   0.000  Mcount_counter_cy<13> (Mcount_counter_cy<13>)
     MUXCY:CI->O           1   0.019   0.000  Mcount_counter_cy<14> (Mcount_counter_cy<14>)
     MUXCY:CI->O           1   0.019   0.000  Mcount_counter_cy<15> (Mcount_counter_cy<15>)
     MUXCY:CI->O           1   0.019   0.000  Mcount_counter_cy<16> (Mcount_counter_cy<16>)
     MUXCY:CI->O           1   0.019   0.000  Mcount_counter_cy<17> (Mcount_counter_cy<17>)
     MUXCY:CI->O           1   0.019   0.000  Mcount_counter_cy<18> (Mcount_counter_cy<18>)
     MUXCY:CI->O           1   0.019   0.000  Mcount_counter_cy<19> (Mcount_counter_cy<19>)
     MUXCY:CI->O           1   0.019   0.000  Mcount_counter_cy<20> (Mcount_counter_cy<20>)
     MUXCY:CI->O           1   0.019   0.000  Mcount_counter_cy<21> (Mcount_counter_cy<21>)
     MUXCY:CI->O           1   0.019   0.000  Mcount_counter_cy<22> (Mcount_counter_cy<22>)
     MUXCY:CI->O           0   0.019   0.000  Mcount_counter_cy<23> (Mcount_counter_cy<23>)
     XORCY:CI->O           1   0.180   0.000  Mcount_counter_xor<24> (Result<24>)
     FDC:D                     0.102          counter_24
    ----------------------------------------
    Total                      2.123ns (1.544ns logic, 0.579ns route)
                                       (72.7% logic, 27.3% route)

=========================================================================
Timing constraint: Default OFFSET IN BEFORE for Clock 'clk'
  Total number of paths / destination ports: 25 / 25
-------------------------------------------------------------------------
Offset:              3.629ns (Levels of Logic = 2)
  Source:            rst (PAD)
  Destination:       counter_0 (FF)
  Destination Clock: clk rising

  Data Path: rst to counter_0
                                Gate     Net
    Cell:in->out      fanout   Delay   Delay  Logical Name (Net Name)
    ----------------------------------------  ------------
     IBUF:I->O             1   1.222   0.579  rst_IBUF (rst_IBUF)
     INV:I->O             25   0.206   1.192  rst_inv1_INV_0 (rst_inv)
     FDC:CLR                   0.430          counter_0
    ----------------------------------------
    Total                      3.629ns (1.858ns logic, 1.771ns route)
                                       (51.2% logic, 48.8% route)

=========================================================================
Timing constraint: Default OFFSET OUT AFTER for Clock 'clk'
  Total number of paths / destination ports: 1 / 1
-------------------------------------------------------------------------
Offset:              3.634ns (Levels of Logic = 1)
  Source:            counter_24 (FF)
  Destination:       led (PAD)
  Source Clock:      clk rising

  Data Path: counter_24 to led
                                Gate     Net
    Cell:in->out      fanout   Delay   Delay  Logical Name (Net Name)
    ----------------------------------------  ------------
     FDC:C->Q              2   0.447   0.616  counter_24 (counter_24)
     OBUF:I->O                 2.571          led_OBUF (led)
    ----------------------------------------
    Total                      3.634ns (3.018ns logic, 0.616ns route)
                                       (83.0% logic, 17.0% route)

=========================================================================

Cross Clock Domains Report:
--------------------------

Clock to Setup on destination clock clk
---------------+---------+---------+---------+---------+
               | Src:Rise| Src:Fall| Src:Rise| Src:Fall|
Source Clock   |Dest:Rise|Dest:Rise|Dest:Fall|Dest:Fall|
---------------+---------+---------+---------+---------+
clk            |    2.123|         |         |         |
---------------+---------+---------+---------+---------+

=========================================================================


Total REAL time to Xst completion: 6.00 secs
Total CPU time to Xst completion: 6.22 secs
 
--> 

Total memory usage is 259100 kilobytes

Number of errors   :    0 (   0 filtered)
Number of warnings :    0 (   0 filtered)
Number of infos    :    0 (   0 filtered)

